<?xml version="1.0" encoding="UTF-8"?>
<!-- Generated by org.testng.reporters.JUnitReportReporter -->
<testsuite hostname="DMI-LAPTOP3" name="com.Demo.TestSuite.TestCase_06" tests="1" failures="0" timestamp="2 Oct 2015 13:45:49 GMT" time="14.382" errors="0">
  <testcase name="TestCase06" time="14.382" classname="com.Demo.TestSuite.TestCase_06"/>
</testsuite> <!-- com.Demo.TestSuite.TestCase_06 -->
