<?xml version="1.0" encoding="UTF-8"?>
<!-- Generated by org.testng.reporters.JUnitReportReporter -->
<testsuite hostname="DMI-LAPTOP3" name="com.Demo.TestSuite.TestCase_02" tests="1" failures="0" timestamp="2 Oct 2015 13:45:49 GMT" time="4.503" errors="0">
  <testcase name="testcase02" time="4.503" classname="com.Demo.TestSuite.TestCase_02"/>
</testsuite> <!-- com.Demo.TestSuite.TestCase_02 -->
