<?xml version="1.0" encoding="UTF-8"?>
<!-- Generated by org.testng.reporters.JUnitReportReporter -->
<testsuite hostname="DMI-LAPTOP3" name="com.Demo.TestSuite.TestCase_13" tests="1" failures="0" timestamp="2 Oct 2015 13:45:49 GMT" time="19.549" errors="0">
  <testcase name="TestCase13" time="19.549" classname="com.Demo.TestSuite.TestCase_13"/>
</testsuite> <!-- com.Demo.TestSuite.TestCase_13 -->
