<?xml version="1.0" encoding="UTF-8"?>
<!-- Generated by org.testng.reporters.JUnitReportReporter -->
<testsuite hostname="DMI-LAPTOP3" name="com.Demo.TestSuite.TestCase_08" tests="1" failures="0" timestamp="2 Oct 2015 13:45:49 GMT" time="23.123" errors="0">
  <testcase name="TestCase08" time="23.123" classname="com.Demo.TestSuite.TestCase_08"/>
</testsuite> <!-- com.Demo.TestSuite.TestCase_08 -->
