<?xml version="1.0" encoding="UTF-8"?>
<!-- Generated by org.testng.reporters.JUnitReportReporter -->
<testsuite hostname="DMI-LAPTOP3" name="com.Demo.TestSuite.TestCase_12" tests="1" failures="0" timestamp="2 Oct 2015 13:45:49 GMT" time="20.011" errors="0">
  <testcase name="TestCase12" time="20.011" classname="com.Demo.TestSuite.TestCase_12"/>
</testsuite> <!-- com.Demo.TestSuite.TestCase_12 -->
