<?xml version="1.0" encoding="UTF-8"?>
<!-- Generated by org.testng.reporters.JUnitReportReporter -->
<testsuite hostname="DMI-LAPTOP3" name="com.Demo.TestSuite.TestCase_09" tests="1" failures="1" timestamp="2 Oct 2015 13:45:49 GMT" time="0.001" errors="0">
  <testcase name="TestCase09" time="0.001" classname="com.Demo.TestSuite.TestCase_09"/>
</testsuite> <!-- com.Demo.TestSuite.TestCase_09 -->
